<?xml version="1.0" encoding="UTF-8"?>
<!-- Generated by org.testng.reporters.JUnitXMLReporter -->
<testsuite hostname="LAPTOP-HINLINDE" ignored="1" name="BikeLoan" tests="9" failures="0" timestamp="22 Apr 2019 11:51:41 GMT" time="0.112" errors="0">
  <testcase name="personalloan" time="0.015" classname="com.TestNG_Rahulsharma.day2"/>
  <testcase name="loginAPIhomeloan" time="0.005" classname="com.TestNG_Rahulsharma.Day4"/>
  <testcase name="mobileloginhomeloan" time="0.0" classname="com.TestNG_Rahulsharma.Day4"/>
  <testcase name="webloginhomeloan" time="0.005" classname="com.TestNG_Rahulsharma.Day4"/>
  <testcase name="mobileloginhomepage" time="0.0" classname="com.TestNG_Rahulsharma.Goldloan"/>
  <testcase name="webloginhomepage" time="0.0" classname="com.TestNG_Rahulsharma.Goldloan"/>
  <testcase name="FirstTestCase" time="0.005" classname="com.TestNG_Rahulsharma.Day1"/>
  <testcase name="SecondTestCase" time="0.005" classname="com.TestNG_Rahulsharma.Day1"/>
  <testcase name="BikemonthlyLoaninstalment" time="0.005" classname="com.TestNG_Rahulsharma.Bikeloan"/>
  <testcase name="Bikemonthlymaintance" time="0.0" classname="com.TestNG_Rahulsharma.Bikeloan">
    <ignored/>
  </testcase> <!-- Bikemonthlymaintance -->
</testsuite> <!-- BikeLoan -->
