<?xml version="1.0" encoding="UTF-8"?>
<!-- Generated by org.testng.reporters.JUnitXMLReporter -->
<testsuite hostname="LAPTOP-HINLINDE" ignored="1" name="Goldloan" tests="1" failures="0" timestamp="22 Apr 2019 12:31:20 GMT" time="0.01" errors="0">
  <testcase name="webloginhomepage" time="0.0" classname="com.TestNG_Rahulsharma.Goldloan"/>
  <testcase name="mobileloginhomepage" time="0.0" classname="com.TestNG_Rahulsharma.Goldloan">
    <ignored/>
  </testcase> <!-- mobileloginhomepage -->
</testsuite> <!-- Goldloan -->
