<?xml version="1.0" encoding="UTF-8"?>
<!-- Generated by org.testng.reporters.JUnitXMLReporter -->
<testsuite hostname="LAPTOP-HINLINDE" ignored="0" name="personal loan" tests="6" failures="0" timestamp="22 Apr 2019 12:31:20 GMT" time="0.095" errors="0">
  <testcase name="personalloan" time="0.015" classname="com.TestNG_Rahulsharma.day2"/>
  <testcase name="loginAPIhomeloan" time="0.005" classname="com.TestNG_Rahulsharma.Day4"/>
  <testcase name="mobileloginhomeloan" time="0.005" classname="com.TestNG_Rahulsharma.Day4"/>
  <testcase name="webloginhomeloan" time="0.005" classname="com.TestNG_Rahulsharma.Day4"/>
  <testcase name="FirstTestCase" time="0.005" classname="com.TestNG_Rahulsharma.Day1"/>
  <testcase name="SecondTestCase" time="0.005" classname="com.TestNG_Rahulsharma.Day1"/>
</testsuite> <!-- personal loan -->
