<?xml version="1.0" encoding="UTF-8"?>
<!-- Generated by org.testng.reporters.JUnitXMLReporter -->
<testsuite hostname="LAPTOP-HINLINDE" ignored="0" name="personalloan" tests="6" failures="0" timestamp="22 Apr 2019 03:35:37 GMT" time="0.084" errors="0">
  <testcase name="personalloan" time="0.017" classname="com.TestNG_Rahulsharma.day2"/>
  <testcase name="loginAPIhomeloan" time="0.003" classname="com.TestNG_Rahulsharma.Day4"/>
  <testcase name="mobileloginhomeloan" time="0.002" classname="com.TestNG_Rahulsharma.Day4"/>
  <testcase name="webloginhomeloan" time="0.003" classname="com.TestNG_Rahulsharma.Day4"/>
  <testcase name="FirstTestCase" time="0.002" classname="com.TestNG_Rahulsharma.Day1"/>
  <testcase name="SecondTestCase" time="0.002" classname="com.TestNG_Rahulsharma.Day1"/>
</testsuite> <!-- personalloan -->
