<?xml version="1.0" encoding="UTF-8"?>
<!-- Generated by org.testng.reporters.JUnitXMLReporter -->
<testsuite hostname="LAPTOP-HINLINDE" ignored="1" name="Regression" tests="2" failures="0" timestamp="22 Apr 2019 16:02:52 GMT" time="0.069" errors="0">
  <testcase name="FirstTestCase" time="0.014" classname="com.TestNG_Rahulsharma.Day1"/>
  <testcase name="personalloan" time="0.002" classname="com.TestNG_Rahulsharma.Day2"/>
  <testcase name="SecondTestCase" time="0.0" classname="com.TestNG_Rahulsharma.Day1">
    <ignored/>
  </testcase> <!-- SecondTestCase -->
</testsuite> <!-- Regression -->
