<?xml version="1.0" encoding="UTF-8"?>
<testng-results skipped="0" failed="0" ignored="0" total="1" passed="1">
  <reporter-output>
  </reporter-output>
  <suite name="Suite" duration-ms="13378" started-at="2019-04-26T11:38:21Z" finished-at="2019-04-26T11:38:34Z">
    <groups>
    </groups>
    <test name="Test" duration-ms="13378" started-at="2019-04-26T11:38:21Z" finished-at="2019-04-26T11:38:34Z">
      <class name="PageObjectModel.NewTours_Homepage_Testing">
        <test-method status="PASS" signature="setup()[pri:0, instance:PageObjectModel.NewTours_Homepage_Testing@2173f6d9]" name="setup" is-config="true" duration-ms="5391" started-at="2019-04-26T11:38:21Z" finished-at="2019-04-26T11:38:26Z">
          <reporter-output>
          </reporter-output>
        </test-method> <!-- setup -->
        <test-method status="PASS" signature="homerpage()[pri:0, instance:PageObjectModel.NewTours_Homepage_Testing@2173f6d9]" name="homerpage" duration-ms="7946" started-at="2019-04-26T11:38:26Z" finished-at="2019-04-26T11:38:34Z">
          <reporter-output>
          </reporter-output>
        </test-method> <!-- homerpage -->
      </class> <!-- PageObjectModel.NewTours_Homepage_Testing -->
    </test> <!-- Test -->
  </suite> <!-- Suite -->
</testng-results>
